2023-09-07T11:59:21.611+05:30  INFO 22604 --- [restartedMain] o.m.c.CurrencyExchangeApplication        : Starting CurrencyExchangeApplication using Java 17.0.6 with PID 22604 (C:\Users\gangadharp\Documents\maveric projects-imp\CE-MAVERIC\target\classes started by gangadharp in C:\Users\gangadharp\Documents\maveric projects-imp\CE-MAVERIC)
2023-09-07T11:59:21.617+05:30  INFO 22604 --- [restartedMain] o.m.c.CurrencyExchangeApplication        : The following 1 profile is active: "dev"
2023-09-07T11:59:21.737+05:30  INFO 22604 --- [restartedMain] .e.DevToolsPropertyDefaultsPostProcessor : Devtools property defaults active! Set 'spring.devtools.add-properties' to 'false' to disable
2023-09-07T11:59:21.737+05:30  INFO 22604 --- [restartedMain] .e.DevToolsPropertyDefaultsPostProcessor : For additional web related logging consider setting the 'logging.level.web' property to 'DEBUG'
2023-09-07T11:59:23.870+05:30  INFO 22604 --- [restartedMain] .s.d.r.c.RepositoryConfigurationDelegate : Bootstrapping Spring Data JPA repositories in DEFAULT mode.
2023-09-07T11:59:24.079+05:30  INFO 22604 --- [restartedMain] .s.d.r.c.RepositoryConfigurationDelegate : Finished Spring Data repository scanning in 188 ms. Found 5 JPA repository interfaces.
2023-09-07T11:59:26.504+05:30  INFO 22604 --- [restartedMain] o.s.b.w.embedded.tomcat.TomcatWebServer  : Tomcat initialized with port(s): 8080 (http)
2023-09-07T11:59:26.525+05:30  INFO 22604 --- [restartedMain] o.apache.catalina.core.StandardService   : Starting service [Tomcat]
2023-09-07T11:59:26.525+05:30  INFO 22604 --- [restartedMain] o.apache.catalina.core.StandardEngine    : Starting Servlet engine: [Apache Tomcat/10.1.11]
2023-09-07T11:59:26.707+05:30  INFO 22604 --- [restartedMain] o.a.c.c.C.[Tomcat].[localhost].[/]       : Initializing Spring embedded WebApplicationContext
2023-09-07T11:59:26.708+05:30  INFO 22604 --- [restartedMain] w.s.c.ServletWebServerApplicationContext : Root WebApplicationContext: initialization completed in 4969 ms
2023-09-07T11:59:27.202+05:30  INFO 22604 --- [restartedMain] o.hibernate.jpa.internal.util.LogHelper  : HHH000204: Processing PersistenceUnitInfo [name: default]
2023-09-07T11:59:27.324+05:30  INFO 22604 --- [restartedMain] org.hibernate.Version                    : HHH000412: Hibernate ORM core version 6.2.6.Final
2023-09-07T11:59:27.328+05:30  INFO 22604 --- [restartedMain] org.hibernate.cfg.Environment            : HHH000406: Using bytecode reflection optimizer
2023-09-07T11:59:27.552+05:30  INFO 22604 --- [restartedMain] o.h.b.i.BytecodeProviderInitiator        : HHH000021: Bytecode provider name : bytebuddy
2023-09-07T11:59:27.837+05:30  INFO 22604 --- [restartedMain] o.s.o.j.p.SpringPersistenceUnitInfo      : No LoadTimeWeaver setup: ignoring JPA class transformer
2023-09-07T11:59:27.869+05:30  INFO 22604 --- [restartedMain] com.zaxxer.hikari.HikariDataSource       : HikariPool-1 - Starting...
2023-09-07T11:59:28.342+05:30  INFO 22604 --- [restartedMain] com.zaxxer.hikari.pool.HikariPool        : HikariPool-1 - Added connection com.mysql.cj.jdbc.ConnectionImpl@3bdc3c4
2023-09-07T11:59:28.345+05:30  INFO 22604 --- [restartedMain] com.zaxxer.hikari.HikariDataSource       : HikariPool-1 - Start completed.
2023-09-07T11:59:28.927+05:30  INFO 22604 --- [restartedMain] o.h.b.i.BytecodeProviderInitiator        : HHH000021: Bytecode provider name : bytebuddy
2023-09-07T11:59:30.232+05:30  INFO 22604 --- [restartedMain] o.h.e.t.j.p.i.JtaPlatformInitiator       : HHH000490: Using JtaPlatform implementation: [org.hibernate.engine.transaction.jta.platform.internal.NoJtaPlatform]
2023-09-07T11:59:30.307+05:30  INFO 22604 --- [restartedMain] j.LocalContainerEntityManagerFactoryBean : Initialized JPA EntityManagerFactory for persistence unit 'default'
2023-09-07T11:59:31.883+05:30  INFO 22604 --- [restartedMain] o.m.currencyexchange.aop.LoggingAspect   : Entering method: 'userDetailsService' class: 'org.maveric.currencyexchange.serviceimpl.UserServiceImpl'
2023-09-07T11:59:31.885+05:30  INFO 22604 --- [restartedMain] o.m.currencyexchange.aop.LoggingAspect   : Exiting method: 'userDetailsService' class: 'org.maveric.currencyexchange.serviceimpl.UserServiceImpl'
2023-09-07T11:59:32.740+05:30  WARN 22604 --- [restartedMain] JpaBaseConfiguration$JpaWebConfiguration : spring.jpa.open-in-view is enabled by default. Therefore, database queries may be performed during view rendering. Explicitly configure spring.jpa.open-in-view to disable this warning
2023-09-07T11:59:33.619+05:30  INFO 22604 --- [restartedMain] o.s.s.web.DefaultSecurityFilterChain     : Will secure any request with [org.springframework.security.web.session.DisableEncodeUrlFilter@5d788a62, org.springframework.security.web.context.request.async.WebAsyncManagerIntegrationFilter@246e83a7, org.springframework.security.web.context.SecurityContextHolderFilter@53ce22e1, org.springframework.security.web.header.HeaderWriterFilter@24928546, org.springframework.security.web.authentication.logout.LogoutFilter@47b300d6, org.maveric.currencyexchange.config.JwtAuthenticationFilter@35851df, org.springframework.security.web.savedrequest.RequestCacheAwareFilter@560f0818, org.springframework.security.web.servletapi.SecurityContextHolderAwareRequestFilter@277b88e8, org.springframework.security.web.authentication.AnonymousAuthenticationFilter@7d699d99, org.springframework.security.web.session.SessionManagementFilter@6cb78dd9, org.springframework.security.web.access.ExceptionTranslationFilter@1e2df84d, org.springframework.security.web.access.intercept.AuthorizationFilter@16b9fcf7]
2023-09-07T11:59:34.322+05:30  INFO 22604 --- [restartedMain] o.s.b.d.a.OptionalLiveReloadServer       : LiveReload server is running on port 35729
2023-09-07T11:59:34.392+05:30  INFO 22604 --- [restartedMain] o.s.b.w.embedded.tomcat.TomcatWebServer  : Tomcat started on port(s): 8080 (http) with context path ''
2023-09-07T11:59:34.414+05:30  INFO 22604 --- [restartedMain] o.m.c.CurrencyExchangeApplication        : Started CurrencyExchangeApplication in 13.91 seconds (process running for 14.883)
2023-09-07T11:59:54.958+05:30  INFO 22604 --- [http-nio-8080-exec-1] o.a.c.c.C.[Tomcat].[localhost].[/]       : Initializing Spring DispatcherServlet 'dispatcherServlet'
2023-09-07T11:59:54.959+05:30  INFO 22604 --- [http-nio-8080-exec-1] o.s.web.servlet.DispatcherServlet        : Initializing Servlet 'dispatcherServlet'
2023-09-07T11:59:54.960+05:30  INFO 22604 --- [http-nio-8080-exec-1] o.s.web.servlet.DispatcherServlet        : Completed initialization in 1 ms
2023-09-07T11:59:54.976+05:30  INFO 22604 --- [http-nio-8080-exec-1] o.m.currencyexchange.aop.LoggingAspect   : Entering method: 'extractEmail' class: 'org.maveric.currencyexchange.serviceimpl.JwtServiceImpl'
2023-09-07T11:59:55.038+05:30  INFO 22604 --- [http-nio-8080-exec-1] o.m.currencyexchange.aop.LoggingAspect   : Exiting method: 'extractEmail' class: 'org.maveric.currencyexchange.serviceimpl.JwtServiceImpl'
2023-09-07T11:59:55.039+05:30  INFO 22604 --- [http-nio-8080-exec-1] o.m.currencyexchange.aop.LoggingAspect   : Entering method: 'userDetailsService' class: 'org.maveric.currencyexchange.serviceimpl.UserServiceImpl'
2023-09-07T11:59:55.039+05:30  INFO 22604 --- [http-nio-8080-exec-1] o.m.currencyexchange.aop.LoggingAspect   : Exiting method: 'userDetailsService' class: 'org.maveric.currencyexchange.serviceimpl.UserServiceImpl'
2023-09-07T11:59:55.254+05:30  INFO 22604 --- [http-nio-8080-exec-1] o.m.currencyexchange.aop.LoggingAspect   : Entering method: 'isTokenValid' class: 'org.maveric.currencyexchange.serviceimpl.JwtServiceImpl'
2023-09-07T11:59:55.258+05:30  INFO 22604 --- [http-nio-8080-exec-1] o.m.currencyexchange.aop.LoggingAspect   : Exiting method: 'isTokenValid' class: 'org.maveric.currencyexchange.serviceimpl.JwtServiceImpl'
2023-09-07T12:15:48.760+05:30  INFO 12264 --- [restartedMain] o.m.c.CurrencyExchangeApplication        : Starting CurrencyExchangeApplication using Java 17.0.6 with PID 12264 (C:\Users\gangadharp\Documents\maveric projects-imp\CE-MAVERIC - Copy\target\classes started by gangadharp in C:\Users\gangadharp\Documents\maveric projects-imp\CE-MAVERIC - Copy)
2023-09-07T12:15:48.763+05:30  INFO 12264 --- [restartedMain] o.m.c.CurrencyExchangeApplication        : The following 1 profile is active: "dev"
2023-09-07T12:15:48.833+05:30  INFO 12264 --- [restartedMain] .e.DevToolsPropertyDefaultsPostProcessor : Devtools property defaults active! Set 'spring.devtools.add-properties' to 'false' to disable
2023-09-07T12:15:48.833+05:30  INFO 12264 --- [restartedMain] .e.DevToolsPropertyDefaultsPostProcessor : For additional web related logging consider setting the 'logging.level.web' property to 'DEBUG'
2023-09-07T12:15:49.955+05:30  INFO 12264 --- [restartedMain] .s.d.r.c.RepositoryConfigurationDelegate : Bootstrapping Spring Data JPA repositories in DEFAULT mode.
2023-09-07T12:15:50.044+05:30  INFO 12264 --- [restartedMain] .s.d.r.c.RepositoryConfigurationDelegate : Finished Spring Data repository scanning in 82 ms. Found 5 JPA repository interfaces.
2023-09-07T12:15:51.282+05:30  INFO 12264 --- [restartedMain] o.s.b.w.embedded.tomcat.TomcatWebServer  : Tomcat initialized with port(s): 8080 (http)
2023-09-07T12:15:51.298+05:30  INFO 12264 --- [restartedMain] o.apache.catalina.core.StandardService   : Starting service [Tomcat]
2023-09-07T12:15:51.299+05:30  INFO 12264 --- [restartedMain] o.apache.catalina.core.StandardEngine    : Starting Servlet engine: [Apache Tomcat/10.1.11]
2023-09-07T12:15:51.407+05:30  INFO 12264 --- [restartedMain] o.a.c.c.C.[Tomcat].[localhost].[/]       : Initializing Spring embedded WebApplicationContext
2023-09-07T12:15:51.407+05:30  INFO 12264 --- [restartedMain] w.s.c.ServletWebServerApplicationContext : Root WebApplicationContext: initialization completed in 2573 ms
2023-09-07T12:15:51.687+05:30  INFO 12264 --- [restartedMain] o.hibernate.jpa.internal.util.LogHelper  : HHH000204: Processing PersistenceUnitInfo [name: default]
2023-09-07T12:15:51.818+05:30  INFO 12264 --- [restartedMain] org.hibernate.Version                    : HHH000412: Hibernate ORM core version 6.2.6.Final
2023-09-07T12:15:51.823+05:30  INFO 12264 --- [restartedMain] org.hibernate.cfg.Environment            : HHH000406: Using bytecode reflection optimizer
2023-09-07T12:15:52.073+05:30  INFO 12264 --- [restartedMain] o.h.b.i.BytecodeProviderInitiator        : HHH000021: Bytecode provider name : bytebuddy
2023-09-07T12:15:52.310+05:30  INFO 12264 --- [restartedMain] o.s.o.j.p.SpringPersistenceUnitInfo      : No LoadTimeWeaver setup: ignoring JPA class transformer
2023-09-07T12:15:52.338+05:30  INFO 12264 --- [restartedMain] com.zaxxer.hikari.HikariDataSource       : HikariPool-1 - Starting...
2023-09-07T12:15:52.730+05:30  INFO 12264 --- [restartedMain] com.zaxxer.hikari.pool.HikariPool        : HikariPool-1 - Added connection com.mysql.cj.jdbc.ConnectionImpl@27a92e53
2023-09-07T12:15:52.732+05:30  INFO 12264 --- [restartedMain] com.zaxxer.hikari.HikariDataSource       : HikariPool-1 - Start completed.
2023-09-07T12:15:53.238+05:30  INFO 12264 --- [restartedMain] o.h.b.i.BytecodeProviderInitiator        : HHH000021: Bytecode provider name : bytebuddy
2023-09-07T12:15:54.066+05:30  INFO 12264 --- [restartedMain] o.h.e.t.j.p.i.JtaPlatformInitiator       : HHH000490: Using JtaPlatform implementation: [org.hibernate.engine.transaction.jta.platform.internal.NoJtaPlatform]
2023-09-07T12:15:54.112+05:30  INFO 12264 --- [restartedMain] j.LocalContainerEntityManagerFactoryBean : Initialized JPA EntityManagerFactory for persistence unit 'default'
2023-09-07T12:15:54.698+05:30  INFO 12264 --- [restartedMain] o.m.currencyexchange.aop.LoggingAspect   : Entering method: 'userDetailsService' class: 'org.maveric.currencyexchange.serviceimpl.UserServiceImpl'
2023-09-07T12:15:54.699+05:30  INFO 12264 --- [restartedMain] o.m.currencyexchange.aop.LoggingAspect   : Exiting method: 'userDetailsService' class: 'org.maveric.currencyexchange.serviceimpl.UserServiceImpl'
2023-09-07T12:15:54.915+05:30  WARN 12264 --- [restartedMain] JpaBaseConfiguration$JpaWebConfiguration : spring.jpa.open-in-view is enabled by default. Therefore, database queries may be performed during view rendering. Explicitly configure spring.jpa.open-in-view to disable this warning
2023-09-07T12:15:55.283+05:30  INFO 12264 --- [restartedMain] o.s.s.web.DefaultSecurityFilterChain     : Will secure any request with [org.springframework.security.web.session.DisableEncodeUrlFilter@2ae3b9d6, org.springframework.security.web.context.request.async.WebAsyncManagerIntegrationFilter@1bcdd275, org.springframework.security.web.context.SecurityContextHolderFilter@3ab79ad5, org.springframework.security.web.header.HeaderWriterFilter@149975b4, org.springframework.security.web.authentication.logout.LogoutFilter@59c56a57, org.maveric.currencyexchange.config.JwtAuthenticationFilter@179967e3, org.springframework.security.web.savedrequest.RequestCacheAwareFilter@3fe5792c, org.springframework.security.web.servletapi.SecurityContextHolderAwareRequestFilter@5de07a98, org.springframework.security.web.authentication.AnonymousAuthenticationFilter@9278b44, org.springframework.security.web.session.SessionManagementFilter@1d299d53, org.springframework.security.web.access.ExceptionTranslationFilter@3d8f896f, org.springframework.security.web.access.intercept.AuthorizationFilter@49eb726a]
2023-09-07T12:15:55.619+05:30  INFO 12264 --- [restartedMain] o.s.b.d.a.OptionalLiveReloadServer       : LiveReload server is running on port 35729
2023-09-07T12:15:55.653+05:30  INFO 12264 --- [restartedMain] o.s.b.w.embedded.tomcat.TomcatWebServer  : Tomcat started on port(s): 8080 (http) with context path ''
2023-09-07T12:15:55.661+05:30  INFO 12264 --- [restartedMain] o.m.c.CurrencyExchangeApplication        : Started CurrencyExchangeApplication in 7.396 seconds (process running for 7.89)
2023-09-07T12:16:00.778+05:30  INFO 12264 --- [http-nio-8080-exec-1] o.a.c.c.C.[Tomcat].[localhost].[/]       : Initializing Spring DispatcherServlet 'dispatcherServlet'
2023-09-07T12:16:00.779+05:30  INFO 12264 --- [http-nio-8080-exec-1] o.s.web.servlet.DispatcherServlet        : Initializing Servlet 'dispatcherServlet'
2023-09-07T12:16:00.782+05:30  INFO 12264 --- [http-nio-8080-exec-1] o.s.web.servlet.DispatcherServlet        : Completed initialization in 3 ms
2023-09-07T12:16:01.570+05:30  INFO 12264 --- [http-nio-8080-exec-4] o.springdoc.api.AbstractOpenApiResource  : Init duration for springdoc-openapi is: 485 ms
2023-09-07T12:16:16.800+05:30  INFO 12264 --- [http-nio-8080-exec-7] o.m.currencyexchange.aop.LoggingAspect   : Entering method: 'signin' class: 'org.maveric.currencyexchange.serviceimpl.AuthenticationServiceImpl'
2023-09-07T12:16:17.053+05:30  INFO 12264 --- [http-nio-8080-exec-7] o.m.currencyexchange.aop.LoggingAspect   : Exiting method: 'signin' class: 'org.maveric.currencyexchange.serviceimpl.AuthenticationServiceImpl'
2023-09-07T12:16:17.060+05:30  WARN 12264 --- [http-nio-8080-exec-7] .m.m.a.ExceptionHandlerExceptionResolver : Resolved [org.springframework.security.authentication.InternalAuthenticationServiceException]
2023-09-07T12:18:34.727+05:30  INFO 12264 --- [File Watcher] rtingClassPathChangeChangedEventListener : Restarting due to 70 class path changes (0 additions, 70 deletions, 0 modifications)
2023-09-07T12:18:34.750+05:30  INFO 12264 --- [Thread-5] o.apache.catalina.core.StandardService   : Stopping service [Tomcat]
2023-09-07T12:18:34.752+05:30  INFO 12264 --- [Thread-5] o.a.c.c.C.[Tomcat].[localhost].[/]       : Destroying Spring FrameworkServlet 'dispatcherServlet'
2023-09-07T12:18:34.767+05:30  WARN 12264 --- [Thread-5] o.a.c.loader.WebappClassLoaderBase       : The web application [ROOT] appears to have started a thread named [HikariPool-1 housekeeper] but has failed to stop it. This is very likely to create a memory leak. Stack trace of thread:
 java.base@17.0.6/jdk.internal.misc.Unsafe.park(Native Method)
 java.base@17.0.6/java.util.concurrent.locks.LockSupport.parkNanos(LockSupport.java:252)
 java.base@17.0.6/java.util.concurrent.locks.AbstractQueuedSynchronizer$ConditionObject.awaitNanos(AbstractQueuedSynchronizer.java:1672)
 java.base@17.0.6/java.util.concurrent.ScheduledThreadPoolExecutor$DelayedWorkQueue.take(ScheduledThreadPoolExecutor.java:1182)
 java.base@17.0.6/java.util.concurrent.ScheduledThreadPoolExecutor$DelayedWorkQueue.take(ScheduledThreadPoolExecutor.java:899)
 java.base@17.0.6/java.util.concurrent.ThreadPoolExecutor.getTask(ThreadPoolExecutor.java:1062)
 java.base@17.0.6/java.util.concurrent.ThreadPoolExecutor.runWorker(ThreadPoolExecutor.java:1122)
 java.base@17.0.6/java.util.concurrent.ThreadPoolExecutor$Worker.run(ThreadPoolExecutor.java:635)
 java.base@17.0.6/java.lang.Thread.run(Thread.java:833)
2023-09-07T12:18:34.774+05:30  INFO 12264 --- [Thread-5] j.LocalContainerEntityManagerFactoryBean : Closing JPA EntityManagerFactory for persistence unit 'default'
2023-09-07T12:18:34.780+05:30  INFO 12264 --- [Thread-5] com.zaxxer.hikari.HikariDataSource       : HikariPool-1 - Shutdown initiated...
2023-09-07T12:18:34.795+05:30  INFO 12264 --- [Thread-5] com.zaxxer.hikari.HikariDataSource       : HikariPool-1 - Shutdown completed.
2023-09-07T12:18:46.406+05:30  INFO 12264 --- [restartedMain] o.m.c.CurrencyExchangeApplication        : Starting CurrencyExchangeApplication using Java 17.0.6 with PID 12264 (C:\Users\gangadharp\Documents\maveric projects-imp\CE-MAVERIC - Copy\target\classes started by gangadharp in C:\Users\gangadharp\Documents\maveric projects-imp\CE-MAVERIC - Copy)
2023-09-07T12:18:46.406+05:30  INFO 12264 --- [restartedMain] o.m.c.CurrencyExchangeApplication        : The following 1 profile is active: "dev"
2023-09-07T12:18:46.652+05:30  INFO 12264 --- [restartedMain] .s.d.r.c.RepositoryConfigurationDelegate : Bootstrapping Spring Data JPA repositories in DEFAULT mode.
2023-09-07T12:18:46.652+05:30  INFO 12264 --- [restartedMain] .s.d.r.c.RepositoryConfigurationDelegate : Finished Spring Data repository scanning in 0 ms. Found 0 JPA repository interfaces.
2023-09-07T12:18:46.747+05:30  INFO 12264 --- [restartedMain] o.s.b.w.embedded.tomcat.TomcatWebServer  : Tomcat initialized with port(s): 8080 (http)
2023-09-07T12:18:46.747+05:30  INFO 12264 --- [restartedMain] o.apache.catalina.core.StandardService   : Starting service [Tomcat]
2023-09-07T12:18:46.747+05:30  INFO 12264 --- [restartedMain] o.apache.catalina.core.StandardEngine    : Starting Servlet engine: [Apache Tomcat/10.1.11]
2023-09-07T12:18:46.775+05:30  INFO 12264 --- [restartedMain] o.a.c.c.C.[Tomcat-1].[localhost].[/]     : Initializing Spring embedded WebApplicationContext
2023-09-07T12:18:46.791+05:30  INFO 12264 --- [restartedMain] w.s.c.ServletWebServerApplicationContext : Root WebApplicationContext: initialization completed in 385 ms
2023-09-07T12:18:46.825+05:30  INFO 12264 --- [restartedMain] o.hibernate.jpa.internal.util.LogHelper  : HHH000204: Processing PersistenceUnitInfo [name: default]
2023-09-07T12:18:46.835+05:30  INFO 12264 --- [restartedMain] o.h.b.i.BytecodeProviderInitiator        : HHH000021: Bytecode provider name : bytebuddy
2023-09-07T12:18:46.838+05:30  INFO 12264 --- [restartedMain] o.s.o.j.p.SpringPersistenceUnitInfo      : No LoadTimeWeaver setup: ignoring JPA class transformer
2023-09-07T12:18:46.838+05:30  INFO 12264 --- [restartedMain] com.zaxxer.hikari.HikariDataSource       : HikariPool-2 - Starting...
2023-09-07T12:18:46.859+05:30  INFO 12264 --- [restartedMain] com.zaxxer.hikari.pool.HikariPool        : HikariPool-2 - Added connection com.mysql.cj.jdbc.ConnectionImpl@399195ae
2023-09-07T12:18:46.862+05:30  INFO 12264 --- [restartedMain] com.zaxxer.hikari.HikariDataSource       : HikariPool-2 - Start completed.
2023-09-07T12:18:46.868+05:30  INFO 12264 --- [restartedMain] o.h.b.i.BytecodeProviderInitiator        : HHH000021: Bytecode provider name : bytebuddy
2023-09-07T12:18:46.877+05:30  INFO 12264 --- [restartedMain] o.h.e.t.j.p.i.JtaPlatformInitiator       : HHH000490: Using JtaPlatform implementation: [org.hibernate.engine.transaction.jta.platform.internal.NoJtaPlatform]
2023-09-07T12:18:46.878+05:30  INFO 12264 --- [restartedMain] j.LocalContainerEntityManagerFactoryBean : Initialized JPA EntityManagerFactory for persistence unit 'default'
2023-09-07T12:18:46.920+05:30  WARN 12264 --- [restartedMain] JpaBaseConfiguration$JpaWebConfiguration : spring.jpa.open-in-view is enabled by default. Therefore, database queries may be performed during view rendering. Explicitly configure spring.jpa.open-in-view to disable this warning
2023-09-07T12:18:47.050+05:30  WARN 12264 --- [restartedMain] .s.s.UserDetailsServiceAutoConfiguration : 

Using generated security password: 99edfa68-ede0-4610-8819-11d1cbcfea1c

This generated password is for development use only. Your security configuration must be updated before running your application in production.

2023-09-07T12:18:47.086+05:30  INFO 12264 --- [restartedMain] o.s.s.web.DefaultSecurityFilterChain     : Will secure any request with [org.springframework.security.web.session.DisableEncodeUrlFilter@2cc78ffa, org.springframework.security.web.context.request.async.WebAsyncManagerIntegrationFilter@1a02f0f9, org.springframework.security.web.context.SecurityContextHolderFilter@1c4fd78d, org.springframework.security.web.header.HeaderWriterFilter@2dc71092, org.springframework.security.web.csrf.CsrfFilter@5a03fd1, org.springframework.security.web.authentication.logout.LogoutFilter@120f4f9b, org.springframework.security.web.authentication.UsernamePasswordAuthenticationFilter@32ad313c, org.springframework.security.web.authentication.ui.DefaultLoginPageGeneratingFilter@4bd15e10, org.springframework.security.web.authentication.ui.DefaultLogoutPageGeneratingFilter@199b3d83, org.springframework.security.web.authentication.www.BasicAuthenticationFilter@6ef9804a, org.springframework.security.web.savedrequest.RequestCacheAwareFilter@18153d62, org.springframework.security.web.servletapi.SecurityContextHolderAwareRequestFilter@5e8796d2, org.springframework.security.web.authentication.AnonymousAuthenticationFilter@3b42052a, org.springframework.security.web.access.ExceptionTranslationFilter@56b20cce, org.springframework.security.web.access.intercept.AuthorizationFilter@6981aa12]
2023-09-07T12:18:47.086+05:30  INFO 12264 --- [restartedMain] o.s.b.d.a.OptionalLiveReloadServer       : LiveReload server is running on port 35729
2023-09-07T12:18:47.108+05:30  INFO 12264 --- [restartedMain] o.s.b.w.embedded.tomcat.TomcatWebServer  : Tomcat started on port(s): 8080 (http) with context path ''
2023-09-07T12:18:47.112+05:30  INFO 12264 --- [restartedMain] o.m.c.CurrencyExchangeApplication        : Started CurrencyExchangeApplication in 0.731 seconds (process running for 179.364)
2023-09-07T12:18:47.113+05:30  INFO 12264 --- [restartedMain] .ConditionEvaluationDeltaLoggingListener : Condition evaluation delta:


==========================
CONDITION EVALUATION DELTA
==========================


Positive matches:
-----------------

   SpringBootWebSecurityConfiguration.SecurityFilterChainConfiguration matched:
      - AllNestedConditions 2 matched 0 did not; NestedCondition on DefaultWebSecurityCondition.Beans @ConditionalOnMissingBean (types: org.springframework.security.web.SecurityFilterChain; SearchStrategy: all) did not find any beans; NestedCondition on DefaultWebSecurityCondition.Classes @ConditionalOnClass found required classes 'org.springframework.security.web.SecurityFilterChain', 'org.springframework.security.config.annotation.web.builders.HttpSecurity' (DefaultWebSecurityCondition)

   SpringBootWebSecurityConfiguration.WebSecurityEnablerConfiguration matched:
      - @ConditionalOnClass found required class 'org.springframework.security.config.annotation.web.configuration.EnableWebSecurity' (OnClassCondition)
      - @ConditionalOnMissingBean (names: springSecurityFilterChain; SearchStrategy: all) did not find any beans (OnBeanCondition)

   UserDetailsServiceAutoConfiguration matched:
      - @ConditionalOnClass found required class 'org.springframework.security.authentication.AuthenticationManager' (OnClassCondition)
      - @ConditionalOnBean (types: org.springframework.security.config.annotation.ObjectPostProcessor; SearchStrategy: all) found bean 'objectPostProcessor'; @ConditionalOnMissingBean (types: org.springframework.security.authentication.AuthenticationManager,org.springframework.security.authentication.AuthenticationProvider,org.springframework.security.core.userdetails.UserDetailsService,org.springframework.security.authentication.AuthenticationManagerResolver,org.springframework.security.oauth2.jwt.JwtDecoder,org.springframework.security.oauth2.server.resource.introspection.OpaqueTokenIntrospector,org.springframework.security.oauth2.client.registration.ClientRegistrationRepository,org.springframework.security.saml2.provider.service.registration.RelyingPartyRegistrationRepository; SearchStrategy: all) did not find any beans (OnBeanCondition)


Negative matches:
-----------------

    None


Exclusions:
-----------

    None


Unconditional classes:
----------------------

    None



2023-09-07T12:18:49.575+05:30  INFO 12264 --- [File Watcher] rtingClassPathChangeChangedEventListener : Restarting due to 66 class path changes (66 additions, 0 deletions, 0 modifications)
2023-09-07T12:18:49.582+05:30  INFO 12264 --- [Thread-7] o.apache.catalina.core.StandardService   : Stopping service [Tomcat]
2023-09-07T12:18:49.582+05:30  INFO 12264 --- [Thread-7] j.LocalContainerEntityManagerFactoryBean : Closing JPA EntityManagerFactory for persistence unit 'default'
2023-09-07T12:18:49.582+05:30  INFO 12264 --- [Thread-7] com.zaxxer.hikari.HikariDataSource       : HikariPool-2 - Shutdown initiated...
2023-09-07T12:18:49.602+05:30  INFO 12264 --- [Thread-7] com.zaxxer.hikari.HikariDataSource       : HikariPool-2 - Shutdown completed.
2023-09-07T12:18:49.697+05:30  INFO 12264 --- [restartedMain] o.m.c.CurrencyExchangeApplication        : Starting CurrencyExchangeApplication using Java 17.0.6 with PID 12264 (C:\Users\gangadharp\Documents\maveric projects-imp\CE-MAVERIC - Copy\target\classes started by gangadharp in C:\Users\gangadharp\Documents\maveric projects-imp\CE-MAVERIC - Copy)
2023-09-07T12:18:49.697+05:30  INFO 12264 --- [restartedMain] o.m.c.CurrencyExchangeApplication        : The following 1 profile is active: "dev"
2023-09-07T12:18:50.060+05:30  INFO 12264 --- [restartedMain] .s.d.r.c.RepositoryConfigurationDelegate : Bootstrapping Spring Data JPA repositories in DEFAULT mode.
2023-09-07T12:18:50.102+05:30  INFO 12264 --- [restartedMain] .s.d.r.c.RepositoryConfigurationDelegate : Finished Spring Data repository scanning in 42 ms. Found 5 JPA repository interfaces.
2023-09-07T12:18:50.311+05:30  INFO 12264 --- [restartedMain] o.s.b.w.embedded.tomcat.TomcatWebServer  : Tomcat initialized with port(s): 8080 (http)
2023-09-07T12:18:50.312+05:30  INFO 12264 --- [restartedMain] o.apache.catalina.core.StandardService   : Starting service [Tomcat]
2023-09-07T12:18:50.312+05:30  INFO 12264 --- [restartedMain] o.apache.catalina.core.StandardEngine    : Starting Servlet engine: [Apache Tomcat/10.1.11]
2023-09-07T12:18:50.364+05:30  INFO 12264 --- [restartedMain] o.a.c.c.C.[Tomcat-1].[localhost].[/]     : Initializing Spring embedded WebApplicationContext
2023-09-07T12:18:50.364+05:30  INFO 12264 --- [restartedMain] w.s.c.ServletWebServerApplicationContext : Root WebApplicationContext: initialization completed in 663 ms
2023-09-07T12:18:50.439+05:30  INFO 12264 --- [restartedMain] o.hibernate.jpa.internal.util.LogHelper  : HHH000204: Processing PersistenceUnitInfo [name: default]
2023-09-07T12:18:50.447+05:30  INFO 12264 --- [restartedMain] o.h.b.i.BytecodeProviderInitiator        : HHH000021: Bytecode provider name : bytebuddy
2023-09-07T12:18:50.448+05:30  INFO 12264 --- [restartedMain] o.s.o.j.p.SpringPersistenceUnitInfo      : No LoadTimeWeaver setup: ignoring JPA class transformer
2023-09-07T12:18:50.449+05:30  INFO 12264 --- [restartedMain] com.zaxxer.hikari.HikariDataSource       : HikariPool-3 - Starting...
2023-09-07T12:18:50.464+05:30  INFO 12264 --- [restartedMain] com.zaxxer.hikari.pool.HikariPool        : HikariPool-3 - Added connection com.mysql.cj.jdbc.ConnectionImpl@53ca37b3
2023-09-07T12:18:50.465+05:30  INFO 12264 --- [restartedMain] com.zaxxer.hikari.HikariDataSource       : HikariPool-3 - Start completed.
2023-09-07T12:18:50.498+05:30  INFO 12264 --- [restartedMain] o.h.b.i.BytecodeProviderInitiator        : HHH000021: Bytecode provider name : bytebuddy
2023-09-07T12:18:50.597+05:30  INFO 12264 --- [restartedMain] o.h.e.t.j.p.i.JtaPlatformInitiator       : HHH000490: Using JtaPlatform implementation: [org.hibernate.engine.transaction.jta.platform.internal.NoJtaPlatform]
2023-09-07T12:18:50.604+05:30  INFO 12264 --- [restartedMain] j.LocalContainerEntityManagerFactoryBean : Initialized JPA EntityManagerFactory for persistence unit 'default'
2023-09-07T12:18:50.766+05:30  WARN 12264 --- [restartedMain] ConfigServletWebServerApplicationContext : Exception encountered during context initialization - cancelling refresh attempt: org.springframework.beans.factory.UnsatisfiedDependencyException: Error creating bean with name 'accountController' defined in file [C:\Users\gangadharp\Documents\maveric projects-imp\CE-MAVERIC - Copy\target\classes\org\maveric\currencyexchange\controller\AccountController.class]: Unsatisfied dependency expressed through constructor parameter 0: Error creating bean with name 'accountServiceImpl' defined in file [C:\Users\gangadharp\Documents\maveric projects-imp\CE-MAVERIC - Copy\target\classes\org\maveric\currencyexchange\serviceimpl\AccountServiceImpl.class]: Unsatisfied dependency expressed through constructor parameter 0: Error creating bean with name 'getModelMapperInstance' defined in org.maveric.currencyexchange.CurrencyExchangeApplication: Failed to instantiate [org.modelmapper.ModelMapper]: Illegal arguments to factory method 'getModelMapperInstance'; args: 
2023-09-07T12:18:50.766+05:30  INFO 12264 --- [restartedMain] j.LocalContainerEntityManagerFactoryBean : Closing JPA EntityManagerFactory for persistence unit 'default'
2023-09-07T12:18:50.766+05:30  INFO 12264 --- [restartedMain] com.zaxxer.hikari.HikariDataSource       : HikariPool-3 - Shutdown initiated...
2023-09-07T12:18:50.803+05:30  INFO 12264 --- [restartedMain] com.zaxxer.hikari.HikariDataSource       : HikariPool-3 - Shutdown completed.
2023-09-07T12:18:50.803+05:30  INFO 12264 --- [restartedMain] o.apache.catalina.core.StandardService   : Stopping service [Tomcat]
2023-09-07T12:18:50.807+05:30  INFO 12264 --- [restartedMain] .s.b.a.l.ConditionEvaluationReportLogger : 

Error starting ApplicationContext. To display the condition evaluation report re-run your application with 'debug' enabled.
2023-09-07T12:18:50.807+05:30 ERROR 12264 --- [restartedMain] o.s.boot.SpringApplication               : Application run failed

org.springframework.beans.factory.UnsatisfiedDependencyException: Error creating bean with name 'accountController' defined in file [C:\Users\gangadharp\Documents\maveric projects-imp\CE-MAVERIC - Copy\target\classes\org\maveric\currencyexchange\controller\AccountController.class]: Unsatisfied dependency expressed through constructor parameter 0: Error creating bean with name 'accountServiceImpl' defined in file [C:\Users\gangadharp\Documents\maveric projects-imp\CE-MAVERIC - Copy\target\classes\org\maveric\currencyexchange\serviceimpl\AccountServiceImpl.class]: Unsatisfied dependency expressed through constructor parameter 0: Error creating bean with name 'getModelMapperInstance' defined in org.maveric.currencyexchange.CurrencyExchangeApplication: Failed to instantiate [org.modelmapper.ModelMapper]: Illegal arguments to factory method 'getModelMapperInstance'; args: 
	at org.springframework.beans.factory.support.ConstructorResolver.createArgumentArray(ConstructorResolver.java:800) ~[spring-beans-6.0.11.jar:6.0.11]
	at org.springframework.beans.factory.support.ConstructorResolver.autowireConstructor(ConstructorResolver.java:245) ~[spring-beans-6.0.11.jar:6.0.11]
	at org.springframework.beans.factory.support.AbstractAutowireCapableBeanFactory.autowireConstructor(AbstractAutowireCapableBeanFactory.java:1352) ~[spring-beans-6.0.11.jar:6.0.11]
	at org.springframework.beans.factory.support.AbstractAutowireCapableBeanFactory.createBeanInstance(AbstractAutowireCapableBeanFactory.java:1189) ~[spring-beans-6.0.11.jar:6.0.11]
	at org.springframework.beans.factory.support.AbstractAutowireCapableBeanFactory.doCreateBean(AbstractAutowireCapableBeanFactory.java:560) ~[spring-beans-6.0.11.jar:6.0.11]
	at org.springframework.beans.factory.support.AbstractAutowireCapableBeanFactory.createBean(AbstractAutowireCapableBeanFactory.java:520) ~[spring-beans-6.0.11.jar:6.0.11]
	at org.springframework.beans.factory.support.AbstractBeanFactory.lambda$doGetBean$0(AbstractBeanFactory.java:326) ~[spring-beans-6.0.11.jar:6.0.11]
	at org.springframework.beans.factory.support.DefaultSingletonBeanRegistry.getSingleton(DefaultSingletonBeanRegistry.java:234) ~[spring-beans-6.0.11.jar:6.0.11]
	at org.springframework.beans.factory.support.AbstractBeanFactory.doGetBean(AbstractBeanFactory.java:324) ~[spring-beans-6.0.11.jar:6.0.11]
	at org.springframework.beans.factory.support.AbstractBeanFactory.getBean(AbstractBeanFactory.java:200) ~[spring-beans-6.0.11.jar:6.0.11]
	at org.springframework.beans.factory.support.DefaultListableBeanFactory.preInstantiateSingletons(DefaultListableBeanFactory.java:973) ~[spring-beans-6.0.11.jar:6.0.11]
	at org.springframework.context.support.AbstractApplicationContext.finishBeanFactoryInitialization(AbstractApplicationContext.java:942) ~[spring-context-6.0.11.jar:6.0.11]
	at org.springframework.context.support.AbstractApplicationContext.refresh(AbstractApplicationContext.java:608) ~[spring-context-6.0.11.jar:6.0.11]
	at org.springframework.boot.web.servlet.context.ServletWebServerApplicationContext.refresh(ServletWebServerApplicationContext.java:146) ~[spring-boot-3.1.2.jar:3.1.2]
	at org.springframework.boot.SpringApplication.refresh(SpringApplication.java:734) ~[spring-boot-3.1.2.jar:3.1.2]
	at org.springframework.boot.SpringApplication.refreshContext(SpringApplication.java:436) ~[spring-boot-3.1.2.jar:3.1.2]
	at org.springframework.boot.SpringApplication.run(SpringApplication.java:312) ~[spring-boot-3.1.2.jar:3.1.2]
	at org.springframework.boot.SpringApplication.run(SpringApplication.java:1306) ~[spring-boot-3.1.2.jar:3.1.2]
	at org.springframework.boot.SpringApplication.run(SpringApplication.java:1295) ~[spring-boot-3.1.2.jar:3.1.2]
	at org.maveric.currencyexchange.CurrencyExchangeApplication.main(CurrencyExchangeApplication.java:14) ~[classes/:na]
	at java.base/jdk.internal.reflect.NativeMethodAccessorImpl.invoke0(Native Method) ~[na:na]
	at java.base/jdk.internal.reflect.NativeMethodAccessorImpl.invoke(NativeMethodAccessorImpl.java:77) ~[na:na]
	at java.base/jdk.internal.reflect.DelegatingMethodAccessorImpl.invoke(DelegatingMethodAccessorImpl.java:43) ~[na:na]
	at java.base/java.lang.reflect.Method.invoke(Method.java:568) ~[na:na]
	at org.springframework.boot.devtools.restart.RestartLauncher.run(RestartLauncher.java:50) ~[spring-boot-devtools-3.1.2.jar:3.1.2]
Caused by: org.springframework.beans.factory.UnsatisfiedDependencyException: Error creating bean with name 'accountServiceImpl' defined in file [C:\Users\gangadharp\Documents\maveric projects-imp\CE-MAVERIC - Copy\target\classes\org\maveric\currencyexchange\serviceimpl\AccountServiceImpl.class]: Unsatisfied dependency expressed through constructor parameter 0: Error creating bean with name 'getModelMapperInstance' defined in org.maveric.currencyexchange.CurrencyExchangeApplication: Failed to instantiate [org.modelmapper.ModelMapper]: Illegal arguments to factory method 'getModelMapperInstance'; args: 
	at org.springframework.beans.factory.support.ConstructorResolver.createArgumentArray(ConstructorResolver.java:800) ~[spring-beans-6.0.11.jar:6.0.11]
	at org.springframework.beans.factory.support.ConstructorResolver.autowireConstructor(ConstructorResolver.java:245) ~[spring-beans-6.0.11.jar:6.0.11]
	at org.springframework.beans.factory.support.AbstractAutowireCapableBeanFactory.autowireConstructor(AbstractAutowireCapableBeanFactory.java:1352) ~[spring-beans-6.0.11.jar:6.0.11]
	at org.springframework.beans.factory.support.AbstractAutowireCapableBeanFactory.createBeanInstance(AbstractAutowireCapableBeanFactory.java:1189) ~[spring-beans-6.0.11.jar:6.0.11]
	at org.springframework.beans.factory.support.AbstractAutowireCapableBeanFactory.doCreateBean(AbstractAutowireCapableBeanFactory.java:560) ~[spring-beans-6.0.11.jar:6.0.11]
	at org.springframework.beans.factory.support.AbstractAutowireCapableBeanFactory.createBean(AbstractAutowireCapableBeanFactory.java:520) ~[spring-beans-6.0.11.jar:6.0.11]
	at org.springframework.beans.factory.support.AbstractBeanFactory.lambda$doGetBean$0(AbstractBeanFactory.java:326) ~[spring-beans-6.0.11.jar:6.0.11]
	at org.springframework.beans.factory.support.DefaultSingletonBeanRegistry.getSingleton(DefaultSingletonBeanRegistry.java:234) ~[spring-beans-6.0.11.jar:6.0.11]
	at org.springframework.beans.factory.support.AbstractBeanFactory.doGetBean(AbstractBeanFactory.java:324) ~[spring-beans-6.0.11.jar:6.0.11]
	at org.springframework.beans.factory.support.AbstractBeanFactory.getBean(AbstractBeanFactory.java:200) ~[spring-beans-6.0.11.jar:6.0.11]
	at org.springframework.beans.factory.config.DependencyDescriptor.resolveCandidate(DependencyDescriptor.java:254) ~[spring-beans-6.0.11.jar:6.0.11]
	at org.springframework.beans.factory.support.DefaultListableBeanFactory.doResolveDependency(DefaultListableBeanFactory.java:1417) ~[spring-beans-6.0.11.jar:6.0.11]
	at org.springframework.beans.factory.support.DefaultListableBeanFactory.resolveDependency(DefaultListableBeanFactory.java:1337) ~[spring-beans-6.0.11.jar:6.0.11]
	at org.springframework.beans.factory.support.ConstructorResolver.resolveAutowiredArgument(ConstructorResolver.java:888) ~[spring-beans-6.0.11.jar:6.0.11]
	at org.springframework.beans.factory.support.ConstructorResolver.createArgumentArray(ConstructorResolver.java:791) ~[spring-beans-6.0.11.jar:6.0.11]
	... 24 common frames omitted
Caused by: org.springframework.beans.factory.BeanCreationException: Error creating bean with name 'getModelMapperInstance' defined in org.maveric.currencyexchange.CurrencyExchangeApplication: Failed to instantiate [org.modelmapper.ModelMapper]: Illegal arguments to factory method 'getModelMapperInstance'; args: 
	at org.springframework.beans.factory.support.ConstructorResolver.instantiate(ConstructorResolver.java:659) ~[spring-beans-6.0.11.jar:6.0.11]
	at org.springframework.beans.factory.support.ConstructorResolver.instantiateUsingFactoryMethod(ConstructorResolver.java:493) ~[spring-beans-6.0.11.jar:6.0.11]
	at org.springframework.beans.factory.support.AbstractAutowireCapableBeanFactory.instantiateUsingFactoryMethod(AbstractAutowireCapableBeanFactory.java:1332) ~[spring-beans-6.0.11.jar:6.0.11]
	at org.springframework.beans.factory.support.AbstractAutowireCapableBeanFactory.createBeanInstance(AbstractAutowireCapableBeanFactory.java:1162) ~[spring-beans-6.0.11.jar:6.0.11]
	at org.springframework.beans.factory.support.AbstractAutowireCapableBeanFactory.doCreateBean(AbstractAutowireCapableBeanFactory.java:560) ~[spring-beans-6.0.11.jar:6.0.11]
	at org.springframework.beans.factory.support.AbstractAutowireCapableBeanFactory.createBean(AbstractAutowireCapableBeanFactory.java:520) ~[spring-beans-6.0.11.jar:6.0.11]
	at org.springframework.beans.factory.support.AbstractBeanFactory.lambda$doGetBean$0(AbstractBeanFactory.java:326) ~[spring-beans-6.0.11.jar:6.0.11]
	at org.springframework.beans.factory.support.DefaultSingletonBeanRegistry.getSingleton(DefaultSingletonBeanRegistry.java:234) ~[spring-beans-6.0.11.jar:6.0.11]
	at org.springframework.beans.factory.support.AbstractBeanFactory.doGetBean(AbstractBeanFactory.java:324) ~[spring-beans-6.0.11.jar:6.0.11]
	at org.springframework.beans.factory.support.AbstractBeanFactory.getBean(AbstractBeanFactory.java:200) ~[spring-beans-6.0.11.jar:6.0.11]
	at org.springframework.beans.factory.config.DependencyDescriptor.resolveCandidate(DependencyDescriptor.java:254) ~[spring-beans-6.0.11.jar:6.0.11]
	at org.springframework.beans.factory.support.DefaultListableBeanFactory.doResolveDependency(DefaultListableBeanFactory.java:1417) ~[spring-beans-6.0.11.jar:6.0.11]
	at org.springframework.beans.factory.support.DefaultListableBeanFactory.resolveDependency(DefaultListableBeanFactory.java:1337) ~[spring-beans-6.0.11.jar:6.0.11]
	at org.springframework.beans.factory.support.ConstructorResolver.resolveAutowiredArgument(ConstructorResolver.java:888) ~[spring-beans-6.0.11.jar:6.0.11]
	at org.springframework.beans.factory.support.ConstructorResolver.createArgumentArray(ConstructorResolver.java:791) ~[spring-beans-6.0.11.jar:6.0.11]
	... 38 common frames omitted
Caused by: org.springframework.beans.BeanInstantiationException: Failed to instantiate [org.modelmapper.ModelMapper]: Illegal arguments to factory method 'getModelMapperInstance'; args: 
	at org.springframework.beans.factory.support.SimpleInstantiationStrategy.instantiate(SimpleInstantiationStrategy.java:157) ~[spring-beans-6.0.11.jar:6.0.11]
	at org.springframework.beans.factory.support.ConstructorResolver.instantiate(ConstructorResolver.java:655) ~[spring-beans-6.0.11.jar:6.0.11]
	... 52 common frames omitted
Caused by: java.lang.IllegalArgumentException: object is not an instance of declaring class
	at java.base/jdk.internal.reflect.NativeMethodAccessorImpl.invoke0(Native Method) ~[na:na]
	at java.base/jdk.internal.reflect.NativeMethodAccessorImpl.invoke(NativeMethodAccessorImpl.java:77) ~[na:na]
	at java.base/jdk.internal.reflect.DelegatingMethodAccessorImpl.invoke(DelegatingMethodAccessorImpl.java:43) ~[na:na]
	at java.base/java.lang.reflect.Method.invoke(Method.java:568) ~[na:na]
	at org.springframework.beans.factory.support.SimpleInstantiationStrategy.instantiate(SimpleInstantiationStrategy.java:139) ~[spring-beans-6.0.11.jar:6.0.11]
	... 53 common frames omitted

2023-09-07T12:18:55.041+05:30  INFO 9220 --- [main] o.m.c.CurrencyExchangeApplicationTests   : Starting CurrencyExchangeApplicationTests using Java 17.0.6 with PID 9220 (started by gangadharp in C:\Users\gangadharp\Documents\maveric projects-imp\CE-MAVERIC - Copy)
2023-09-07T12:18:55.044+05:30  INFO 9220 --- [main] o.m.c.CurrencyExchangeApplicationTests   : The following 1 profile is active: "dev"
2023-09-07T12:18:55.974+05:30  INFO 9220 --- [main] .s.d.r.c.RepositoryConfigurationDelegate : Bootstrapping Spring Data JPA repositories in DEFAULT mode.
2023-09-07T12:18:56.055+05:30  INFO 9220 --- [main] .s.d.r.c.RepositoryConfigurationDelegate : Finished Spring Data repository scanning in 74 ms. Found 5 JPA repository interfaces.
2023-09-07T12:18:56.756+05:30  INFO 9220 --- [main] o.hibernate.jpa.internal.util.LogHelper  : HHH000204: Processing PersistenceUnitInfo [name: default]
2023-09-07T12:18:56.857+05:30  INFO 9220 --- [main] org.hibernate.Version                    : HHH000412: Hibernate ORM core version 6.2.6.Final
2023-09-07T12:18:56.872+05:30  INFO 9220 --- [main] org.hibernate.cfg.Environment            : HHH000406: Using bytecode reflection optimizer
2023-09-07T12:18:57.108+05:30  INFO 9220 --- [main] o.h.b.i.BytecodeProviderInitiator        : HHH000021: Bytecode provider name : bytebuddy
2023-09-07T12:18:57.124+05:30  INFO 9220 --- [main] o.s.o.j.p.SpringPersistenceUnitInfo      : No LoadTimeWeaver setup: ignoring JPA class transformer
2023-09-07T12:18:57.140+05:30  INFO 9220 --- [main] com.zaxxer.hikari.HikariDataSource       : HikariPool-1 - Starting...
2023-09-07T12:18:57.587+05:30  INFO 9220 --- [main] com.zaxxer.hikari.pool.HikariPool        : HikariPool-1 - Added connection com.mysql.cj.jdbc.ConnectionImpl@42fa5cb
2023-09-07T12:18:57.603+05:30  INFO 9220 --- [main] com.zaxxer.hikari.HikariDataSource       : HikariPool-1 - Start completed.
2023-09-07T12:18:58.067+05:30  INFO 9220 --- [main] o.h.b.i.BytecodeProviderInitiator        : HHH000021: Bytecode provider name : bytebuddy
2023-09-07T12:18:58.756+05:30  INFO 9220 --- [main] o.h.e.t.j.p.i.JtaPlatformInitiator       : HHH000490: Using JtaPlatform implementation: [org.hibernate.engine.transaction.jta.platform.internal.NoJtaPlatform]
2023-09-07T12:18:58.825+05:30  INFO 9220 --- [main] j.LocalContainerEntityManagerFactoryBean : Initialized JPA EntityManagerFactory for persistence unit 'default'
2023-09-07T12:18:59.530+05:30  INFO 9220 --- [main] o.m.currencyexchange.aop.LoggingAspect   : Entering method: 'userDetailsService' class: 'org.maveric.currencyexchange.serviceimpl.UserServiceImpl'
2023-09-07T12:18:59.537+05:30  INFO 9220 --- [main] o.m.currencyexchange.aop.LoggingAspect   : Exiting method: 'userDetailsService' class: 'org.maveric.currencyexchange.serviceimpl.UserServiceImpl'
2023-09-07T12:18:59.802+05:30  WARN 9220 --- [main] JpaBaseConfiguration$JpaWebConfiguration : spring.jpa.open-in-view is enabled by default. Therefore, database queries may be performed during view rendering. Explicitly configure spring.jpa.open-in-view to disable this warning
2023-09-07T12:18:59.925+05:30  INFO 9220 --- [main] o.s.s.web.DefaultSecurityFilterChain     : Will secure any request with [org.springframework.security.web.session.DisableEncodeUrlFilter@709c41da, org.springframework.security.web.context.request.async.WebAsyncManagerIntegrationFilter@6ca9f1d0, org.springframework.security.web.context.SecurityContextHolderFilter@26f50a28, org.springframework.security.web.header.HeaderWriterFilter@494c452b, org.springframework.security.web.authentication.logout.LogoutFilter@1fb4377d, org.maveric.currencyexchange.config.JwtAuthenticationFilter@37e0614e, org.springframework.security.web.savedrequest.RequestCacheAwareFilter@41fdb59c, org.springframework.security.web.servletapi.SecurityContextHolderAwareRequestFilter@3bfbe2a6, org.springframework.security.web.authentication.AnonymousAuthenticationFilter@4a467f08, org.springframework.security.web.session.SessionManagementFilter@266b7d1, org.springframework.security.web.access.ExceptionTranslationFilter@1104cc93, org.springframework.security.web.access.intercept.AuthorizationFilter@4d5d6297]
2023-09-07T12:19:00.758+05:30  INFO 9220 --- [main] o.m.c.CurrencyExchangeApplicationTests   : Started CurrencyExchangeApplicationTests in 6.151 seconds (process running for 9.523)
2023-09-07T12:19:01.821+05:30  INFO 9220 --- [SpringApplicationShutdownHook] j.LocalContainerEntityManagerFactoryBean : Closing JPA EntityManagerFactory for persistence unit 'default'
2023-09-07T12:19:01.824+05:30  INFO 9220 --- [SpringApplicationShutdownHook] com.zaxxer.hikari.HikariDataSource       : HikariPool-1 - Shutdown initiated...
2023-09-07T12:19:01.839+05:30  INFO 9220 --- [SpringApplicationShutdownHook] com.zaxxer.hikari.HikariDataSource       : HikariPool-1 - Shutdown completed.
2023-09-07T12:19:23.492+05:30  INFO 24828 --- [main] o.m.c.CurrencyExchangeApplicationTests   : Starting CurrencyExchangeApplicationTests using Java 17.0.6 with PID 24828 (started by gangadharp in C:\Users\gangadharp\Documents\maveric projects-imp\CE-MAVERIC - Copy)
2023-09-07T12:19:23.492+05:30  INFO 24828 --- [main] o.m.c.CurrencyExchangeApplicationTests   : The following 1 profile is active: "dev"
2023-09-07T12:19:24.574+05:30  INFO 24828 --- [main] .s.d.r.c.RepositoryConfigurationDelegate : Bootstrapping Spring Data JPA repositories in DEFAULT mode.
2023-09-07T12:19:24.663+05:30  INFO 24828 --- [main] .s.d.r.c.RepositoryConfigurationDelegate : Finished Spring Data repository scanning in 77 ms. Found 5 JPA repository interfaces.
2023-09-07T12:19:25.455+05:30  INFO 24828 --- [main] o.hibernate.jpa.internal.util.LogHelper  : HHH000204: Processing PersistenceUnitInfo [name: default]
2023-09-07T12:19:25.580+05:30  INFO 24828 --- [main] org.hibernate.Version                    : HHH000412: Hibernate ORM core version 6.2.6.Final
2023-09-07T12:19:25.590+05:30  INFO 24828 --- [main] org.hibernate.cfg.Environment            : HHH000406: Using bytecode reflection optimizer
2023-09-07T12:19:25.850+05:30  INFO 24828 --- [main] o.h.b.i.BytecodeProviderInitiator        : HHH000021: Bytecode provider name : bytebuddy
2023-09-07T12:19:25.875+05:30  INFO 24828 --- [main] o.s.o.j.p.SpringPersistenceUnitInfo      : No LoadTimeWeaver setup: ignoring JPA class transformer
2023-09-07T12:19:25.899+05:30  INFO 24828 --- [main] com.zaxxer.hikari.HikariDataSource       : HikariPool-1 - Starting...
2023-09-07T12:19:26.406+05:30  INFO 24828 --- [main] com.zaxxer.hikari.pool.HikariPool        : HikariPool-1 - Added connection com.mysql.cj.jdbc.ConnectionImpl@32f14274
2023-09-07T12:19:26.406+05:30  INFO 24828 --- [main] com.zaxxer.hikari.HikariDataSource       : HikariPool-1 - Start completed.
2023-09-07T12:19:26.984+05:30  INFO 24828 --- [main] o.h.b.i.BytecodeProviderInitiator        : HHH000021: Bytecode provider name : bytebuddy
2023-09-07T12:19:27.844+05:30  INFO 24828 --- [main] o.h.e.t.j.p.i.JtaPlatformInitiator       : HHH000490: Using JtaPlatform implementation: [org.hibernate.engine.transaction.jta.platform.internal.NoJtaPlatform]
2023-09-07T12:19:27.892+05:30  INFO 24828 --- [main] j.LocalContainerEntityManagerFactoryBean : Initialized JPA EntityManagerFactory for persistence unit 'default'
2023-09-07T12:19:28.758+05:30  INFO 24828 --- [main] o.m.currencyexchange.aop.LoggingAspect   : Entering method: 'userDetailsService' class: 'org.maveric.currencyexchange.serviceimpl.UserServiceImpl'
2023-09-07T12:19:28.758+05:30  INFO 24828 --- [main] o.m.currencyexchange.aop.LoggingAspect   : Exiting method: 'userDetailsService' class: 'org.maveric.currencyexchange.serviceimpl.UserServiceImpl'
2023-09-07T12:19:29.144+05:30  WARN 24828 --- [main] JpaBaseConfiguration$JpaWebConfiguration : spring.jpa.open-in-view is enabled by default. Therefore, database queries may be performed during view rendering. Explicitly configure spring.jpa.open-in-view to disable this warning
2023-09-07T12:19:29.344+05:30  INFO 24828 --- [main] o.s.s.web.DefaultSecurityFilterChain     : Will secure any request with [org.springframework.security.web.session.DisableEncodeUrlFilter@490e1017, org.springframework.security.web.context.request.async.WebAsyncManagerIntegrationFilter@2ddb260e, org.springframework.security.web.context.SecurityContextHolderFilter@367a245e, org.springframework.security.web.header.HeaderWriterFilter@627dfd9f, org.springframework.security.web.authentication.logout.LogoutFilter@542aba71, org.maveric.currencyexchange.config.JwtAuthenticationFilter@50c99398, org.springframework.security.web.savedrequest.RequestCacheAwareFilter@563bf9d2, org.springframework.security.web.servletapi.SecurityContextHolderAwareRequestFilter@19b7852b, org.springframework.security.web.authentication.AnonymousAuthenticationFilter@482040a, org.springframework.security.web.session.SessionManagementFilter@7f1581bb, org.springframework.security.web.access.ExceptionTranslationFilter@42c2a1da, org.springframework.security.web.access.intercept.AuthorizationFilter@51cf17e8]
2023-09-07T12:19:30.344+05:30  INFO 24828 --- [main] o.m.c.CurrencyExchangeApplicationTests   : Started CurrencyExchangeApplicationTests in 7.321 seconds (process running for 10.623)
2023-09-07T12:19:31.168+05:30  INFO 24828 --- [SpringApplicationShutdownHook] j.LocalContainerEntityManagerFactoryBean : Closing JPA EntityManagerFactory for persistence unit 'default'
2023-09-07T12:19:31.168+05:30  INFO 24828 --- [SpringApplicationShutdownHook] com.zaxxer.hikari.HikariDataSource       : HikariPool-1 - Shutdown initiated...
2023-09-07T12:19:31.186+05:30  INFO 24828 --- [SpringApplicationShutdownHook] com.zaxxer.hikari.HikariDataSource       : HikariPool-1 - Shutdown completed.
2023-09-07T12:19:52.800+05:30  INFO 12264 --- [restartedMain] o.m.c.CurrencyExchangeApplication        : Starting CurrencyExchangeApplication using Java 17.0.6 with PID 12264 (C:\Users\gangadharp\Documents\maveric projects-imp\CE-MAVERIC - Copy\target\classes started by gangadharp in C:\Users\gangadharp\Documents\maveric projects-imp\CE-MAVERIC - Copy)
2023-09-07T12:19:52.801+05:30  INFO 12264 --- [restartedMain] o.m.c.CurrencyExchangeApplication        : The following 1 profile is active: "dev"
2023-09-07T12:19:53.322+05:30  INFO 12264 --- [restartedMain] .s.d.r.c.RepositoryConfigurationDelegate : Bootstrapping Spring Data JPA repositories in DEFAULT mode.
2023-09-07T12:19:53.326+05:30  INFO 12264 --- [restartedMain] .s.d.r.c.RepositoryConfigurationDelegate : Finished Spring Data repository scanning in 1 ms. Found 0 JPA repository interfaces.
2023-09-07T12:19:53.584+05:30  INFO 12264 --- [restartedMain] o.s.b.w.embedded.tomcat.TomcatWebServer  : Tomcat initialized with port(s): 8080 (http)
2023-09-07T12:19:53.588+05:30  INFO 12264 --- [restartedMain] o.apache.catalina.core.StandardService   : Starting service [Tomcat]
2023-09-07T12:19:53.588+05:30  INFO 12264 --- [restartedMain] o.apache.catalina.core.StandardEngine    : Starting Servlet engine: [Apache Tomcat/10.1.11]
2023-09-07T12:19:53.671+05:30  INFO 12264 --- [restartedMain] o.a.c.c.C.[Tomcat-3].[localhost].[/]     : Initializing Spring embedded WebApplicationContext
2023-09-07T12:19:53.672+05:30  INFO 12264 --- [restartedMain] w.s.c.ServletWebServerApplicationContext : Root WebApplicationContext: initialization completed in 867 ms
2023-09-07T12:19:53.732+05:30  INFO 12264 --- [restartedMain] o.hibernate.jpa.internal.util.LogHelper  : HHH000204: Processing PersistenceUnitInfo [name: default]
2023-09-07T12:19:53.744+05:30  INFO 12264 --- [restartedMain] o.h.b.i.BytecodeProviderInitiator        : HHH000021: Bytecode provider name : bytebuddy
2023-09-07T12:19:53.746+05:30  INFO 12264 --- [restartedMain] o.s.o.j.p.SpringPersistenceUnitInfo      : No LoadTimeWeaver setup: ignoring JPA class transformer
2023-09-07T12:19:53.750+05:30  INFO 12264 --- [restartedMain] com.zaxxer.hikari.HikariDataSource       : HikariPool-4 - Starting...
2023-09-07T12:19:53.818+05:30  INFO 12264 --- [restartedMain] com.zaxxer.hikari.pool.HikariPool        : HikariPool-4 - Added connection com.mysql.cj.jdbc.ConnectionImpl@dca921c
2023-09-07T12:19:53.818+05:30  INFO 12264 --- [restartedMain] com.zaxxer.hikari.HikariDataSource       : HikariPool-4 - Start completed.
2023-09-07T12:19:53.835+05:30  INFO 12264 --- [restartedMain] o.h.b.i.BytecodeProviderInitiator        : HHH000021: Bytecode provider name : bytebuddy
2023-09-07T12:19:53.852+05:30  INFO 12264 --- [restartedMain] o.h.e.t.j.p.i.JtaPlatformInitiator       : HHH000490: Using JtaPlatform implementation: [org.hibernate.engine.transaction.jta.platform.internal.NoJtaPlatform]
2023-09-07T12:19:53.852+05:30  INFO 12264 --- [restartedMain] j.LocalContainerEntityManagerFactoryBean : Initialized JPA EntityManagerFactory for persistence unit 'default'
2023-09-07T12:19:53.917+05:30  WARN 12264 --- [restartedMain] JpaBaseConfiguration$JpaWebConfiguration : spring.jpa.open-in-view is enabled by default. Therefore, database queries may be performed during view rendering. Explicitly configure spring.jpa.open-in-view to disable this warning
2023-09-07T12:19:54.471+05:30  WARN 12264 --- [restartedMain] .s.s.UserDetailsServiceAutoConfiguration : 

Using generated security password: 8b9ca680-239e-470b-98ba-03b1926b5980

This generated password is for development use only. Your security configuration must be updated before running your application in production.

2023-09-07T12:19:54.483+05:30  INFO 12264 --- [restartedMain] o.s.s.web.DefaultSecurityFilterChain     : Will secure any request with [org.springframework.security.web.session.DisableEncodeUrlFilter@2edcf3f, org.springframework.security.web.context.request.async.WebAsyncManagerIntegrationFilter@34d97f98, org.springframework.security.web.context.SecurityContextHolderFilter@4f48fac8, org.springframework.security.web.header.HeaderWriterFilter@7bcb69fa, org.springframework.security.web.csrf.CsrfFilter@65d2b134, org.springframework.security.web.authentication.logout.LogoutFilter@14c56190, org.springframework.security.web.authentication.UsernamePasswordAuthenticationFilter@4122674b, org.springframework.security.web.authentication.ui.DefaultLoginPageGeneratingFilter@3e5a766d, org.springframework.security.web.authentication.ui.DefaultLogoutPageGeneratingFilter@66134e77, org.springframework.security.web.authentication.www.BasicAuthenticationFilter@7e54571e, org.springframework.security.web.savedrequest.RequestCacheAwareFilter@3fe3a904, org.springframework.security.web.servletapi.SecurityContextHolderAwareRequestFilter@1e7e58e1, org.springframework.security.web.authentication.AnonymousAuthenticationFilter@3a23090c, org.springframework.security.web.access.ExceptionTranslationFilter@73aa52d3, org.springframework.security.web.access.intercept.AuthorizationFilter@151472c8]
2023-09-07T12:19:54.503+05:30  INFO 12264 --- [restartedMain] o.s.b.d.a.OptionalLiveReloadServer       : LiveReload server is running on port 35729
2023-09-07T12:19:54.521+05:30  INFO 12264 --- [restartedMain] o.s.b.w.embedded.tomcat.TomcatWebServer  : Tomcat started on port(s): 8080 (http) with context path ''
2023-09-07T12:19:54.526+05:30  INFO 12264 --- [restartedMain] o.m.c.CurrencyExchangeApplication        : Started CurrencyExchangeApplication in 1.796 seconds (process running for 246.778)
2023-09-07T12:19:54.528+05:30  INFO 12264 --- [restartedMain] .ConditionEvaluationDeltaLoggingListener : Condition evaluation unchanged
2023-09-07T12:19:57.401+05:30  INFO 12264 --- [File Watcher] rtingClassPathChangeChangedEventListener : Restarting due to 66 class path changes (66 additions, 0 deletions, 0 modifications)
2023-09-07T12:19:57.427+05:30  INFO 12264 --- [Thread-14] o.apache.catalina.core.StandardService   : Stopping service [Tomcat]
2023-09-07T12:19:57.433+05:30  INFO 12264 --- [Thread-14] j.LocalContainerEntityManagerFactoryBean : Closing JPA EntityManagerFactory for persistence unit 'default'
2023-09-07T12:19:57.433+05:30  INFO 12264 --- [Thread-14] com.zaxxer.hikari.HikariDataSource       : HikariPool-4 - Shutdown initiated...
2023-09-07T12:19:57.444+05:30  INFO 12264 --- [Thread-14] com.zaxxer.hikari.HikariDataSource       : HikariPool-4 - Shutdown completed.
2023-09-07T12:19:57.628+05:30  INFO 12264 --- [restartedMain] o.m.c.CurrencyExchangeApplication        : Starting CurrencyExchangeApplication using Java 17.0.6 with PID 12264 (C:\Users\gangadharp\Documents\maveric projects-imp\CE-MAVERIC - Copy\target\classes started by gangadharp in C:\Users\gangadharp\Documents\maveric projects-imp\CE-MAVERIC - Copy)
2023-09-07T12:19:57.629+05:30  INFO 12264 --- [restartedMain] o.m.c.CurrencyExchangeApplication        : The following 1 profile is active: "dev"
2023-09-07T12:19:57.952+05:30  INFO 12264 --- [restartedMain] .s.d.r.c.RepositoryConfigurationDelegate : Bootstrapping Spring Data JPA repositories in DEFAULT mode.
2023-09-07T12:19:57.985+05:30  INFO 12264 --- [restartedMain] .s.d.r.c.RepositoryConfigurationDelegate : Finished Spring Data repository scanning in 32 ms. Found 5 JPA repository interfaces.
2023-09-07T12:19:58.125+05:30  INFO 12264 --- [restartedMain] o.s.b.w.embedded.tomcat.TomcatWebServer  : Tomcat initialized with port(s): 8080 (http)
2023-09-07T12:19:58.127+05:30  INFO 12264 --- [restartedMain] o.apache.catalina.core.StandardService   : Starting service [Tomcat]
2023-09-07T12:19:58.127+05:30  INFO 12264 --- [restartedMain] o.apache.catalina.core.StandardEngine    : Starting Servlet engine: [Apache Tomcat/10.1.11]
2023-09-07T12:19:58.170+05:30  INFO 12264 --- [restartedMain] o.a.c.c.C.[Tomcat-3].[localhost].[/]     : Initializing Spring embedded WebApplicationContext
2023-09-07T12:19:58.170+05:30  INFO 12264 --- [restartedMain] w.s.c.ServletWebServerApplicationContext : Root WebApplicationContext: initialization completed in 539 ms
2023-09-07T12:19:58.232+05:30  INFO 12264 --- [restartedMain] o.hibernate.jpa.internal.util.LogHelper  : HHH000204: Processing PersistenceUnitInfo [name: default]
2023-09-07T12:19:58.237+05:30  INFO 12264 --- [restartedMain] o.h.b.i.BytecodeProviderInitiator        : HHH000021: Bytecode provider name : bytebuddy
2023-09-07T12:19:58.237+05:30  INFO 12264 --- [restartedMain] o.s.o.j.p.SpringPersistenceUnitInfo      : No LoadTimeWeaver setup: ignoring JPA class transformer
2023-09-07T12:19:58.238+05:30  INFO 12264 --- [restartedMain] com.zaxxer.hikari.HikariDataSource       : HikariPool-5 - Starting...
2023-09-07T12:19:58.257+05:30  INFO 12264 --- [restartedMain] com.zaxxer.hikari.pool.HikariPool        : HikariPool-5 - Added connection com.mysql.cj.jdbc.ConnectionImpl@43690710
2023-09-07T12:19:58.258+05:30  INFO 12264 --- [restartedMain] com.zaxxer.hikari.HikariDataSource       : HikariPool-5 - Start completed.
2023-09-07T12:19:58.282+05:30  INFO 12264 --- [restartedMain] o.h.b.i.BytecodeProviderInitiator        : HHH000021: Bytecode provider name : bytebuddy
2023-09-07T12:19:58.389+05:30  INFO 12264 --- [restartedMain] o.h.e.t.j.p.i.JtaPlatformInitiator       : HHH000490: Using JtaPlatform implementation: [org.hibernate.engine.transaction.jta.platform.internal.NoJtaPlatform]
2023-09-07T12:19:58.407+05:30  INFO 12264 --- [restartedMain] j.LocalContainerEntityManagerFactoryBean : Initialized JPA EntityManagerFactory for persistence unit 'default'
2023-09-07T12:19:58.597+05:30  WARN 12264 --- [restartedMain] ConfigServletWebServerApplicationContext : Exception encountered during context initialization - cancelling refresh attempt: org.springframework.beans.factory.UnsatisfiedDependencyException: Error creating bean with name 'accountController' defined in file [C:\Users\gangadharp\Documents\maveric projects-imp\CE-MAVERIC - Copy\target\classes\org\maveric\currencyexchange\controller\AccountController.class]: Unsatisfied dependency expressed through constructor parameter 0: Error creating bean with name 'accountServiceImpl' defined in file [C:\Users\gangadharp\Documents\maveric projects-imp\CE-MAVERIC - Copy\target\classes\org\maveric\currencyexchange\serviceimpl\AccountServiceImpl.class]: Unsatisfied dependency expressed through constructor parameter 0: Error creating bean with name 'getModelMapperInstance' defined in org.maveric.currencyexchange.CurrencyExchangeApplication: Failed to instantiate [org.modelmapper.ModelMapper]: Illegal arguments to factory method 'getModelMapperInstance'; args: 
2023-09-07T12:19:58.597+05:30  INFO 12264 --- [restartedMain] j.LocalContainerEntityManagerFactoryBean : Closing JPA EntityManagerFactory for persistence unit 'default'
2023-09-07T12:19:58.598+05:30  INFO 12264 --- [restartedMain] com.zaxxer.hikari.HikariDataSource       : HikariPool-5 - Shutdown initiated...
2023-09-07T12:19:58.611+05:30  INFO 12264 --- [restartedMain] com.zaxxer.hikari.HikariDataSource       : HikariPool-5 - Shutdown completed.
2023-09-07T12:19:58.612+05:30  INFO 12264 --- [restartedMain] o.apache.catalina.core.StandardService   : Stopping service [Tomcat]
2023-09-07T12:19:58.618+05:30  INFO 12264 --- [restartedMain] .s.b.a.l.ConditionEvaluationReportLogger : 

Error starting ApplicationContext. To display the condition evaluation report re-run your application with 'debug' enabled.
2023-09-07T12:19:58.622+05:30 ERROR 12264 --- [restartedMain] o.s.boot.SpringApplication               : Application run failed

org.springframework.beans.factory.UnsatisfiedDependencyException: Error creating bean with name 'accountController' defined in file [C:\Users\gangadharp\Documents\maveric projects-imp\CE-MAVERIC - Copy\target\classes\org\maveric\currencyexchange\controller\AccountController.class]: Unsatisfied dependency expressed through constructor parameter 0: Error creating bean with name 'accountServiceImpl' defined in file [C:\Users\gangadharp\Documents\maveric projects-imp\CE-MAVERIC - Copy\target\classes\org\maveric\currencyexchange\serviceimpl\AccountServiceImpl.class]: Unsatisfied dependency expressed through constructor parameter 0: Error creating bean with name 'getModelMapperInstance' defined in org.maveric.currencyexchange.CurrencyExchangeApplication: Failed to instantiate [org.modelmapper.ModelMapper]: Illegal arguments to factory method 'getModelMapperInstance'; args: 
	at org.springframework.beans.factory.support.ConstructorResolver.createArgumentArray(ConstructorResolver.java:800) ~[spring-beans-6.0.11.jar:6.0.11]
	at org.springframework.beans.factory.support.ConstructorResolver.autowireConstructor(ConstructorResolver.java:245) ~[spring-beans-6.0.11.jar:6.0.11]
	at org.springframework.beans.factory.support.AbstractAutowireCapableBeanFactory.autowireConstructor(AbstractAutowireCapableBeanFactory.java:1352) ~[spring-beans-6.0.11.jar:6.0.11]
	at org.springframework.beans.factory.support.AbstractAutowireCapableBeanFactory.createBeanInstance(AbstractAutowireCapableBeanFactory.java:1189) ~[spring-beans-6.0.11.jar:6.0.11]
	at org.springframework.beans.factory.support.AbstractAutowireCapableBeanFactory.doCreateBean(AbstractAutowireCapableBeanFactory.java:560) ~[spring-beans-6.0.11.jar:6.0.11]
	at org.springframework.beans.factory.support.AbstractAutowireCapableBeanFactory.createBean(AbstractAutowireCapableBeanFactory.java:520) ~[spring-beans-6.0.11.jar:6.0.11]
	at org.springframework.beans.factory.support.AbstractBeanFactory.lambda$doGetBean$0(AbstractBeanFactory.java:326) ~[spring-beans-6.0.11.jar:6.0.11]
	at org.springframework.beans.factory.support.DefaultSingletonBeanRegistry.getSingleton(DefaultSingletonBeanRegistry.java:234) ~[spring-beans-6.0.11.jar:6.0.11]
	at org.springframework.beans.factory.support.AbstractBeanFactory.doGetBean(AbstractBeanFactory.java:324) ~[spring-beans-6.0.11.jar:6.0.11]
	at org.springframework.beans.factory.support.AbstractBeanFactory.getBean(AbstractBeanFactory.java:200) ~[spring-beans-6.0.11.jar:6.0.11]
	at org.springframework.beans.factory.support.DefaultListableBeanFactory.preInstantiateSingletons(DefaultListableBeanFactory.java:973) ~[spring-beans-6.0.11.jar:6.0.11]
	at org.springframework.context.support.AbstractApplicationContext.finishBeanFactoryInitialization(AbstractApplicationContext.java:942) ~[spring-context-6.0.11.jar:6.0.11]
	at org.springframework.context.support.AbstractApplicationContext.refresh(AbstractApplicationContext.java:608) ~[spring-context-6.0.11.jar:6.0.11]
	at org.springframework.boot.web.servlet.context.ServletWebServerApplicationContext.refresh(ServletWebServerApplicationContext.java:146) ~[spring-boot-3.1.2.jar:3.1.2]
	at org.springframework.boot.SpringApplication.refresh(SpringApplication.java:734) ~[spring-boot-3.1.2.jar:3.1.2]
	at org.springframework.boot.SpringApplication.refreshContext(SpringApplication.java:436) ~[spring-boot-3.1.2.jar:3.1.2]
	at org.springframework.boot.SpringApplication.run(SpringApplication.java:312) ~[spring-boot-3.1.2.jar:3.1.2]
	at org.springframework.boot.SpringApplication.run(SpringApplication.java:1306) ~[spring-boot-3.1.2.jar:3.1.2]
	at org.springframework.boot.SpringApplication.run(SpringApplication.java:1295) ~[spring-boot-3.1.2.jar:3.1.2]
	at org.maveric.currencyexchange.CurrencyExchangeApplication.main(CurrencyExchangeApplication.java:14) ~[classes/:na]
	at java.base/jdk.internal.reflect.NativeMethodAccessorImpl.invoke0(Native Method) ~[na:na]
	at java.base/jdk.internal.reflect.NativeMethodAccessorImpl.invoke(NativeMethodAccessorImpl.java:77) ~[na:na]
	at java.base/jdk.internal.reflect.DelegatingMethodAccessorImpl.invoke(DelegatingMethodAccessorImpl.java:43) ~[na:na]
	at java.base/java.lang.reflect.Method.invoke(Method.java:568) ~[na:na]
	at org.springframework.boot.devtools.restart.RestartLauncher.run(RestartLauncher.java:50) ~[spring-boot-devtools-3.1.2.jar:3.1.2]
Caused by: org.springframework.beans.factory.UnsatisfiedDependencyException: Error creating bean with name 'accountServiceImpl' defined in file [C:\Users\gangadharp\Documents\maveric projects-imp\CE-MAVERIC - Copy\target\classes\org\maveric\currencyexchange\serviceimpl\AccountServiceImpl.class]: Unsatisfied dependency expressed through constructor parameter 0: Error creating bean with name 'getModelMapperInstance' defined in org.maveric.currencyexchange.CurrencyExchangeApplication: Failed to instantiate [org.modelmapper.ModelMapper]: Illegal arguments to factory method 'getModelMapperInstance'; args: 
	at org.springframework.beans.factory.support.ConstructorResolver.createArgumentArray(ConstructorResolver.java:800) ~[spring-beans-6.0.11.jar:6.0.11]
	at org.springframework.beans.factory.support.ConstructorResolver.autowireConstructor(ConstructorResolver.java:245) ~[spring-beans-6.0.11.jar:6.0.11]
	at org.springframework.beans.factory.support.AbstractAutowireCapableBeanFactory.autowireConstructor(AbstractAutowireCapableBeanFactory.java:1352) ~[spring-beans-6.0.11.jar:6.0.11]
	at org.springframework.beans.factory.support.AbstractAutowireCapableBeanFactory.createBeanInstance(AbstractAutowireCapableBeanFactory.java:1189) ~[spring-beans-6.0.11.jar:6.0.11]
	at org.springframework.beans.factory.support.AbstractAutowireCapableBeanFactory.doCreateBean(AbstractAutowireCapableBeanFactory.java:560) ~[spring-beans-6.0.11.jar:6.0.11]
	at org.springframework.beans.factory.support.AbstractAutowireCapableBeanFactory.createBean(AbstractAutowireCapableBeanFactory.java:520) ~[spring-beans-6.0.11.jar:6.0.11]
	at org.springframework.beans.factory.support.AbstractBeanFactory.lambda$doGetBean$0(AbstractBeanFactory.java:326) ~[spring-beans-6.0.11.jar:6.0.11]
	at org.springframework.beans.factory.support.DefaultSingletonBeanRegistry.getSingleton(DefaultSingletonBeanRegistry.java:234) ~[spring-beans-6.0.11.jar:6.0.11]
	at org.springframework.beans.factory.support.AbstractBeanFactory.doGetBean(AbstractBeanFactory.java:324) ~[spring-beans-6.0.11.jar:6.0.11]
	at org.springframework.beans.factory.support.AbstractBeanFactory.getBean(AbstractBeanFactory.java:200) ~[spring-beans-6.0.11.jar:6.0.11]
	at org.springframework.beans.factory.config.DependencyDescriptor.resolveCandidate(DependencyDescriptor.java:254) ~[spring-beans-6.0.11.jar:6.0.11]
	at org.springframework.beans.factory.support.DefaultListableBeanFactory.doResolveDependency(DefaultListableBeanFactory.java:1417) ~[spring-beans-6.0.11.jar:6.0.11]
	at org.springframework.beans.factory.support.DefaultListableBeanFactory.resolveDependency(DefaultListableBeanFactory.java:1337) ~[spring-beans-6.0.11.jar:6.0.11]
	at org.springframework.beans.factory.support.ConstructorResolver.resolveAutowiredArgument(ConstructorResolver.java:888) ~[spring-beans-6.0.11.jar:6.0.11]
	at org.springframework.beans.factory.support.ConstructorResolver.createArgumentArray(ConstructorResolver.java:791) ~[spring-beans-6.0.11.jar:6.0.11]
	... 24 common frames omitted
Caused by: org.springframework.beans.factory.BeanCreationException: Error creating bean with name 'getModelMapperInstance' defined in org.maveric.currencyexchange.CurrencyExchangeApplication: Failed to instantiate [org.modelmapper.ModelMapper]: Illegal arguments to factory method 'getModelMapperInstance'; args: 
	at org.springframework.beans.factory.support.ConstructorResolver.instantiate(ConstructorResolver.java:659) ~[spring-beans-6.0.11.jar:6.0.11]
	at org.springframework.beans.factory.support.ConstructorResolver.instantiateUsingFactoryMethod(ConstructorResolver.java:493) ~[spring-beans-6.0.11.jar:6.0.11]
	at org.springframework.beans.factory.support.AbstractAutowireCapableBeanFactory.instantiateUsingFactoryMethod(AbstractAutowireCapableBeanFactory.java:1332) ~[spring-beans-6.0.11.jar:6.0.11]
	at org.springframework.beans.factory.support.AbstractAutowireCapableBeanFactory.createBeanInstance(AbstractAutowireCapableBeanFactory.java:1162) ~[spring-beans-6.0.11.jar:6.0.11]
	at org.springframework.beans.factory.support.AbstractAutowireCapableBeanFactory.doCreateBean(AbstractAutowireCapableBeanFactory.java:560) ~[spring-beans-6.0.11.jar:6.0.11]
	at org.springframework.beans.factory.support.AbstractAutowireCapableBeanFactory.createBean(AbstractAutowireCapableBeanFactory.java:520) ~[spring-beans-6.0.11.jar:6.0.11]
	at org.springframework.beans.factory.support.AbstractBeanFactory.lambda$doGetBean$0(AbstractBeanFactory.java:326) ~[spring-beans-6.0.11.jar:6.0.11]
	at org.springframework.beans.factory.support.DefaultSingletonBeanRegistry.getSingleton(DefaultSingletonBeanRegistry.java:234) ~[spring-beans-6.0.11.jar:6.0.11]
	at org.springframework.beans.factory.support.AbstractBeanFactory.doGetBean(AbstractBeanFactory.java:324) ~[spring-beans-6.0.11.jar:6.0.11]
	at org.springframework.beans.factory.support.AbstractBeanFactory.getBean(AbstractBeanFactory.java:200) ~[spring-beans-6.0.11.jar:6.0.11]
	at org.springframework.beans.factory.config.DependencyDescriptor.resolveCandidate(DependencyDescriptor.java:254) ~[spring-beans-6.0.11.jar:6.0.11]
	at org.springframework.beans.factory.support.DefaultListableBeanFactory.doResolveDependency(DefaultListableBeanFactory.java:1417) ~[spring-beans-6.0.11.jar:6.0.11]
	at org.springframework.beans.factory.support.DefaultListableBeanFactory.resolveDependency(DefaultListableBeanFactory.java:1337) ~[spring-beans-6.0.11.jar:6.0.11]
	at org.springframework.beans.factory.support.ConstructorResolver.resolveAutowiredArgument(ConstructorResolver.java:888) ~[spring-beans-6.0.11.jar:6.0.11]
	at org.springframework.beans.factory.support.ConstructorResolver.createArgumentArray(ConstructorResolver.java:791) ~[spring-beans-6.0.11.jar:6.0.11]
	... 38 common frames omitted
Caused by: org.springframework.beans.BeanInstantiationException: Failed to instantiate [org.modelmapper.ModelMapper]: Illegal arguments to factory method 'getModelMapperInstance'; args: 
	at org.springframework.beans.factory.support.SimpleInstantiationStrategy.instantiate(SimpleInstantiationStrategy.java:157) ~[spring-beans-6.0.11.jar:6.0.11]
	at org.springframework.beans.factory.support.ConstructorResolver.instantiate(ConstructorResolver.java:655) ~[spring-beans-6.0.11.jar:6.0.11]
	... 52 common frames omitted
Caused by: java.lang.IllegalArgumentException: object is not an instance of declaring class
	at java.base/jdk.internal.reflect.NativeMethodAccessorImpl.invoke0(Native Method) ~[na:na]
	at java.base/jdk.internal.reflect.NativeMethodAccessorImpl.invoke(NativeMethodAccessorImpl.java:77) ~[na:na]
	at java.base/jdk.internal.reflect.DelegatingMethodAccessorImpl.invoke(DelegatingMethodAccessorImpl.java:43) ~[na:na]
	at java.base/java.lang.reflect.Method.invoke(Method.java:568) ~[na:na]
	at org.springframework.beans.factory.support.SimpleInstantiationStrategy.instantiate(SimpleInstantiationStrategy.java:139) ~[spring-beans-6.0.11.jar:6.0.11]
	... 53 common frames omitted

2023-09-07T12:20:04.385+05:30  INFO 2236 --- [main] o.m.c.CurrencyExchangeApplicationTests   : Starting CurrencyExchangeApplicationTests using Java 17.0.6 with PID 2236 (started by gangadharp in C:\Users\gangadharp\Documents\maveric projects-imp\CE-MAVERIC - Copy)
2023-09-07T12:20:04.387+05:30  INFO 2236 --- [main] o.m.c.CurrencyExchangeApplicationTests   : The following 1 profile is active: "dev"
2023-09-07T12:20:05.821+05:30  INFO 2236 --- [main] .s.d.r.c.RepositoryConfigurationDelegate : Bootstrapping Spring Data JPA repositories in DEFAULT mode.
2023-09-07T12:20:05.947+05:30  INFO 2236 --- [main] .s.d.r.c.RepositoryConfigurationDelegate : Finished Spring Data repository scanning in 111 ms. Found 5 JPA repository interfaces.
2023-09-07T12:20:06.916+05:30  INFO 2236 --- [main] o.hibernate.jpa.internal.util.LogHelper  : HHH000204: Processing PersistenceUnitInfo [name: default]
2023-09-07T12:20:07.056+05:30  INFO 2236 --- [main] org.hibernate.Version                    : HHH000412: Hibernate ORM core version 6.2.6.Final
2023-09-07T12:20:07.061+05:30  INFO 2236 --- [main] org.hibernate.cfg.Environment            : HHH000406: Using bytecode reflection optimizer
2023-09-07T12:20:07.354+05:30  INFO 2236 --- [main] o.h.b.i.BytecodeProviderInitiator        : HHH000021: Bytecode provider name : bytebuddy
2023-09-07T12:20:07.373+05:30  INFO 2236 --- [main] o.s.o.j.p.SpringPersistenceUnitInfo      : No LoadTimeWeaver setup: ignoring JPA class transformer
2023-09-07T12:20:07.411+05:30  INFO 2236 --- [main] com.zaxxer.hikari.HikariDataSource       : HikariPool-1 - Starting...
2023-09-07T12:20:08.051+05:30  INFO 2236 --- [main] com.zaxxer.hikari.pool.HikariPool        : HikariPool-1 - Added connection com.mysql.cj.jdbc.ConnectionImpl@67ceaa9
2023-09-07T12:20:08.055+05:30  INFO 2236 --- [main] com.zaxxer.hikari.HikariDataSource       : HikariPool-1 - Start completed.
2023-09-07T12:20:08.729+05:30  INFO 2236 --- [main] o.h.b.i.BytecodeProviderInitiator        : HHH000021: Bytecode provider name : bytebuddy
2023-09-07T12:20:09.652+05:30  INFO 2236 --- [main] o.h.e.t.j.p.i.JtaPlatformInitiator       : HHH000490: Using JtaPlatform implementation: [org.hibernate.engine.transaction.jta.platform.internal.NoJtaPlatform]
2023-09-07T12:20:09.711+05:30  INFO 2236 --- [main] j.LocalContainerEntityManagerFactoryBean : Initialized JPA EntityManagerFactory for persistence unit 'default'
2023-09-07T12:20:10.758+05:30  INFO 2236 --- [main] o.m.currencyexchange.aop.LoggingAspect   : Entering method: 'userDetailsService' class: 'org.maveric.currencyexchange.serviceimpl.UserServiceImpl'
2023-09-07T12:20:10.759+05:30  INFO 2236 --- [main] o.m.currencyexchange.aop.LoggingAspect   : Exiting method: 'userDetailsService' class: 'org.maveric.currencyexchange.serviceimpl.UserServiceImpl'
2023-09-07T12:20:11.056+05:30  WARN 2236 --- [main] JpaBaseConfiguration$JpaWebConfiguration : spring.jpa.open-in-view is enabled by default. Therefore, database queries may be performed during view rendering. Explicitly configure spring.jpa.open-in-view to disable this warning
2023-09-07T12:20:11.227+05:30  INFO 2236 --- [main] o.s.s.web.DefaultSecurityFilterChain     : Will secure any request with [org.springframework.security.web.session.DisableEncodeUrlFilter@367a245e, org.springframework.security.web.context.request.async.WebAsyncManagerIntegrationFilter@65b17373, org.springframework.security.web.context.SecurityContextHolderFilter@4a467f08, org.springframework.security.web.header.HeaderWriterFilter@1006d0e3, org.springframework.security.web.authentication.logout.LogoutFilter@5ce593bc, org.maveric.currencyexchange.config.JwtAuthenticationFilter@741f8cf, org.springframework.security.web.savedrequest.RequestCacheAwareFilter@2541b4d3, org.springframework.security.web.servletapi.SecurityContextHolderAwareRequestFilter@6d3dc0c5, org.springframework.security.web.authentication.AnonymousAuthenticationFilter@563bf9d2, org.springframework.security.web.session.SessionManagementFilter@6bd2c51d, org.springframework.security.web.access.ExceptionTranslationFilter@7115d5af, org.springframework.security.web.access.intercept.AuthorizationFilter@30407f28]
2023-09-07T12:20:12.172+05:30  INFO 2236 --- [main] o.m.c.CurrencyExchangeApplicationTests   : Started CurrencyExchangeApplicationTests in 8.219 seconds (process running for 11.628)
2023-09-07T12:20:13.027+05:30  INFO 2236 --- [SpringApplicationShutdownHook] j.LocalContainerEntityManagerFactoryBean : Closing JPA EntityManagerFactory for persistence unit 'default'
2023-09-07T12:20:13.029+05:30  INFO 2236 --- [SpringApplicationShutdownHook] com.zaxxer.hikari.HikariDataSource       : HikariPool-1 - Shutdown initiated...
2023-09-07T12:20:13.042+05:30  INFO 2236 --- [SpringApplicationShutdownHook] com.zaxxer.hikari.HikariDataSource       : HikariPool-1 - Shutdown completed.
